2024-03-15 17:43:27,845  INFO [main] nopCommerce:32 - ************* Launching Test-Site Url *****************
2024-03-15 17:43:32,118  INFO [main] nopCommerce:62 - ************* Validating Page Title *****************
2024-03-15 17:43:32,156  INFO [main] nopCommerce:40 - ************* Sending Email Id & Password *****************
2024-03-15 17:43:34,684  INFO [main] nopCommerce:48 - ************* Logging In *****************
2024-03-15 17:43:39,065  INFO [main] nopCommerce:62 - ************* Validating Page Title *****************
2024-03-15 17:43:39,371  INFO [main] nopCommerce:89 - ************* Navigated on Customer Page *****************
2024-03-15 17:43:42,452  INFO [main] nopCommerce:95 - ************* Navigated to Add New Customer Page *****************
2024-03-15 17:43:44,395  INFO [main] nopCommerce:62 - ************* Validating Page Title *****************
2024-03-15 17:43:46,413  INFO [main] nopCommerce:102 - ************* Filling New Customer Details *****************
2024-03-15 17:43:48,337  INFO [main] nopCommerce:117 - ************* Saving New Customer Details *****************
2024-03-15 17:43:49,977  INFO [main] nopCommerce:123 - ************* New Customer Created Successfully *****************
2024-03-15 17:43:51,129  INFO [main] nopCommerce:76 - ************* Closing Browser *****************
2024-03-15 17:43:55,765  INFO [main] nopCommerce:32 - ************* Launching Test-Site Url *****************
2024-03-15 17:43:59,453  INFO [main] nopCommerce:62 - ************* Validating Page Title *****************
2024-03-15 17:43:59,481  INFO [main] nopCommerce:40 - ************* Sending Email Id & Password *****************
2024-03-15 17:44:02,314  INFO [main] nopCommerce:48 - ************* Logging In *****************
2024-03-15 17:44:07,376  INFO [main] nopCommerce:62 - ************* Validating Page Title *****************
2024-03-15 17:44:07,601  INFO [main] nopCommerce:89 - ************* Navigated on Customer Page *****************
2024-03-15 17:44:09,755  INFO [main] nopCommerce:130 - ************* Seacrhing customer via Email Id *****************
2024-03-15 17:44:11,217  INFO [main] nopCommerce:137 - ************* Clicked on Search Button *****************
2024-03-15 17:44:13,370  INFO [main] nopCommerce:143 - ************* Validating Search Customer through Email Id *****************
2024-03-15 17:44:13,637  INFO [main] nopCommerce:76 - ************* Closing Browser *****************
2024-03-15 17:44:17,539  INFO [main] nopCommerce:32 - ************* Launching Test-Site Url *****************
2024-03-15 17:44:20,596  INFO [main] nopCommerce:62 - ************* Validating Page Title *****************
2024-03-15 17:44:20,607  INFO [main] nopCommerce:40 - ************* Sending Email Id & Password *****************
2024-03-15 17:44:23,236  INFO [main] nopCommerce:48 - ************* Logging In *****************
2024-03-15 17:44:28,165  INFO [main] nopCommerce:62 - ************* Validating Page Title *****************
2024-03-15 17:44:28,404  INFO [main] nopCommerce:89 - ************* Navigated on Customer Page *****************
2024-03-15 17:44:30,032  INFO [main] nopCommerce:149 - ************* Seacrhing customer via FirstName & LastName *****************
2024-03-15 17:44:31,224  INFO [main] nopCommerce:137 - ************* Clicked on Search Button *****************
2024-03-15 17:44:33,369  INFO [main] nopCommerce:156 - ************* Validating Search Customer through FirstName & LastName *****************
2024-03-15 17:44:33,698  INFO [main] nopCommerce:76 - ************* Closing Browser *****************
2024-03-15 17:44:37,726  INFO [main] nopCommerce:32 - ************* Launching Test-Site Url *****************
2024-03-15 17:44:41,583  INFO [main] nopCommerce:62 - ************* Validating Page Title *****************
2024-03-15 17:44:41,601  INFO [main] nopCommerce:40 - ************* Sending Email Id & Password *****************
2024-03-15 17:44:44,324  INFO [main] nopCommerce:48 - ************* Logging In *****************
2024-03-15 17:44:49,122  INFO [main] nopCommerce:62 - ************* Validating Page Title *****************
2024-03-15 17:44:49,136  INFO [main] nopCommerce:70 - ************* Logged Out Successfully *****************
2024-03-15 17:44:52,231  INFO [main] nopCommerce:32 - ************* Launching Test-Site Url *****************
2024-03-15 17:44:55,882  INFO [main] nopCommerce:62 - ************* Validating Page Title *****************
2024-03-15 17:44:55,900  INFO [main] nopCommerce:40 - ************* Sending Email Id & Password *****************
2024-03-15 17:44:58,439  INFO [main] nopCommerce:48 - ************* Logging In *****************
2024-03-15 17:45:01,312  INFO [main] nopCommerce:59 - ************* Display Invalid Login Message *****************
2024-03-15 17:45:01,490  INFO [main] nopCommerce:76 - ************* Closing Browser *****************
2024-03-15 17:45:05,113  INFO [main] nopCommerce:32 - ************* Launching Test-Site Url *****************
2024-03-15 17:45:09,099  INFO [main] nopCommerce:62 - ************* Validating Page Title *****************
2024-03-15 17:45:09,145  INFO [main] nopCommerce:40 - ************* Sending Email Id & Password *****************
2024-03-15 17:45:11,809  INFO [main] nopCommerce:48 - ************* Logging In *****************
2024-03-15 17:45:14,502  INFO [main] nopCommerce:59 - ************* Display Invalid Login Message *****************
2024-03-15 17:45:14,748  INFO [main] nopCommerce:76 - ************* Closing Browser *****************
2024-03-15 17:47:38,837  INFO [main] nopCommerce:32 - ************* Launching Test-Site Url *****************
2024-03-15 17:47:42,996  INFO [main] nopCommerce:62 - ************* Validating Page Title *****************
2024-03-15 17:47:43,024  INFO [main] nopCommerce:40 - ************* Sending Email Id & Password *****************
2024-03-15 17:47:45,594  INFO [main] nopCommerce:48 - ************* Logging In *****************
2024-03-15 17:47:52,012  INFO [main] nopCommerce:62 - ************* Validating Page Title *****************
2024-03-15 17:47:52,297  INFO [main] nopCommerce:89 - ************* Navigated on Customer Page *****************
2024-03-15 17:47:53,904  INFO [main] nopCommerce:95 - ************* Navigated to Add New Customer Page *****************
2024-03-15 17:47:55,873  INFO [main] nopCommerce:62 - ************* Validating Page Title *****************
2024-03-15 17:47:57,908  INFO [main] nopCommerce:102 - ************* Filling New Customer Details *****************
2024-03-15 17:48:00,178  INFO [main] nopCommerce:117 - ************* Saving New Customer Details *****************
2024-03-15 17:48:01,554  INFO [main] nopCommerce:123 - ************* New Customer Created Successfully *****************
2024-03-15 17:48:02,508  INFO [main] nopCommerce:76 - ************* Closing Browser *****************
2024-03-15 17:48:06,859  INFO [main] nopCommerce:32 - ************* Launching Test-Site Url *****************
2024-03-15 17:48:10,802  INFO [main] nopCommerce:62 - ************* Validating Page Title *****************
2024-03-15 17:48:10,821  INFO [main] nopCommerce:40 - ************* Sending Email Id & Password *****************
2024-03-15 17:48:13,463  INFO [main] nopCommerce:48 - ************* Logging In *****************
2024-03-15 17:48:19,285  INFO [main] nopCommerce:62 - ************* Validating Page Title *****************
2024-03-15 17:48:19,595  INFO [main] nopCommerce:89 - ************* Navigated on Customer Page *****************
2024-03-15 17:48:22,308  INFO [main] nopCommerce:130 - ************* Searching customer via Email Id *****************
2024-03-15 17:48:23,535  INFO [main] nopCommerce:137 - ************* Clicked on Search Button *****************
2024-03-15 17:48:25,695  INFO [main] nopCommerce:143 - ************* Validating Search Customer through Email Id *****************
2024-03-15 17:48:25,881  INFO [main] nopCommerce:76 - ************* Closing Browser *****************
2024-03-15 17:48:29,969  INFO [main] nopCommerce:32 - ************* Launching Test-Site Url *****************
2024-03-15 17:48:34,395  INFO [main] nopCommerce:62 - ************* Validating Page Title *****************
2024-03-15 17:48:34,414  INFO [main] nopCommerce:40 - ************* Sending Email Id & Password *****************
2024-03-15 17:48:36,937  INFO [main] nopCommerce:48 - ************* Logging In *****************
2024-03-15 17:48:41,625  INFO [main] nopCommerce:62 - ************* Validating Page Title *****************
2024-03-15 17:48:41,842  INFO [main] nopCommerce:89 - ************* Navigated on Customer Page *****************
2024-03-15 17:48:43,880  INFO [main] nopCommerce:149 - ************* Searching customer via FirstName & LastName *****************
2024-03-15 17:48:45,420  INFO [main] nopCommerce:137 - ************* Clicked on Search Button *****************
2024-03-15 17:48:47,680  INFO [main] nopCommerce:156 - ************* Validating Search Customer through FirstName & LastName *****************
2024-03-15 17:48:47,922  INFO [main] nopCommerce:76 - ************* Closing Browser *****************
2024-03-15 17:48:52,223  INFO [main] nopCommerce:32 - ************* Launching Test-Site Url *****************
2024-03-15 17:48:55,482  INFO [main] nopCommerce:62 - ************* Validating Page Title *****************
2024-03-15 17:48:55,513  INFO [main] nopCommerce:40 - ************* Sending Email Id & Password *****************
2024-03-15 17:48:58,172  INFO [main] nopCommerce:48 - ************* Logging In *****************
2024-03-15 17:49:02,361  INFO [main] nopCommerce:62 - ************* Validating Page Title *****************
2024-03-15 17:49:02,382  INFO [main] nopCommerce:70 - ************* Logged Out Successfully *****************
2024-03-15 17:49:04,439  INFO [main] nopCommerce:62 - ************* Validating Page Title *****************
2024-03-15 17:49:04,452  INFO [main] nopCommerce:76 - ************* Closing Browser *****************
2024-03-15 17:49:08,600  INFO [main] nopCommerce:32 - ************* Launching Test-Site Url *****************
2024-03-15 17:49:12,366  INFO [main] nopCommerce:62 - ************* Validating Page Title *****************
2024-03-15 17:49:12,397  INFO [main] nopCommerce:40 - ************* Sending Email Id & Password *****************
2024-03-15 17:49:15,150  INFO [main] nopCommerce:48 - ************* Logging In *****************
2024-03-15 17:49:17,982  INFO [main] nopCommerce:59 - ************* Display Invalid Login Message *****************
2024-03-15 17:49:18,212  INFO [main] nopCommerce:76 - ************* Closing Browser *****************
2024-03-15 17:49:21,971  INFO [main] nopCommerce:32 - ************* Launching Test-Site Url *****************
2024-03-15 17:49:26,034  INFO [main] nopCommerce:62 - ************* Validating Page Title *****************
2024-03-15 17:49:26,052  INFO [main] nopCommerce:40 - ************* Sending Email Id & Password *****************
2024-03-15 17:49:28,914  INFO [main] nopCommerce:48 - ************* Logging In *****************
2024-03-15 17:49:31,652  INFO [main] nopCommerce:59 - ************* Display Invalid Login Message *****************
2024-03-15 17:49:32,275  INFO [main] nopCommerce:76 - ************* Closing Browser *****************
2024-03-15 18:17:49,495  INFO [main] nopCommerce:47 - ************* Launching Test-Site Url *****************
2024-03-15 18:17:53,638  INFO [main] nopCommerce:77 - ************* Validating Page Title *****************
2024-03-15 18:17:53,656  INFO [main] nopCommerce:55 - ************* Sending Email Id & Password *****************
2024-03-15 18:17:55,900  INFO [main] nopCommerce:63 - ************* Logging In *****************
2024-03-15 18:18:03,875  INFO [main] nopCommerce:77 - ************* Validating Page Title *****************
2024-03-15 18:18:04,341  INFO [main] nopCommerce:104 - ************* Navigated on Customer Page *****************
2024-03-15 18:18:05,629  INFO [main] nopCommerce:110 - ************* Navigated to Add New Customer Page *****************
2024-03-15 18:18:06,932  INFO [main] nopCommerce:77 - ************* Validating Page Title *****************
2024-03-15 18:18:11,749  INFO [main] nopCommerce:47 - ************* Launching Test-Site Url *****************
2024-03-15 18:18:16,417  INFO [main] nopCommerce:77 - ************* Validating Page Title *****************
2024-03-15 18:18:16,442  INFO [main] nopCommerce:55 - ************* Sending Email Id & Password *****************
2024-03-15 18:18:18,674  INFO [main] nopCommerce:63 - ************* Logging In *****************
2024-03-15 18:18:26,804  INFO [main] nopCommerce:77 - ************* Validating Page Title *****************
2024-03-15 18:18:27,155  INFO [main] nopCommerce:104 - ************* Navigated on Customer Page *****************
2024-03-15 18:18:28,225  INFO [main] nopCommerce:145 - ************* Searching customer via Email Id *****************
2024-03-15 18:18:28,821  INFO [main] nopCommerce:152 - ************* Clicked on Search Button *****************
2024-03-15 18:18:31,663  INFO [main] nopCommerce:158 - ************* Validating Search Customer through Email Id *****************
2024-03-15 18:18:31,981  INFO [main] nopCommerce:91 - ************* Closing Browser *****************
2024-03-15 18:18:40,133  INFO [main] nopCommerce:47 - ************* Launching Test-Site Url *****************
2024-03-15 18:18:43,135  INFO [main] nopCommerce:77 - ************* Validating Page Title *****************
2024-03-15 18:18:43,147  INFO [main] nopCommerce:55 - ************* Sending Email Id & Password *****************
2024-03-15 18:18:45,439  INFO [main] nopCommerce:63 - ************* Logging In *****************
2024-03-15 18:18:50,660  INFO [main] nopCommerce:77 - ************* Validating Page Title *****************
2024-03-15 18:18:51,540  INFO [main] nopCommerce:104 - ************* Navigated on Customer Page *****************
2024-03-15 18:19:14,260  INFO [main] nopCommerce:47 - ************* Launching Test-Site Url *****************
2024-03-15 18:19:18,806  INFO [main] nopCommerce:77 - ************* Validating Page Title *****************
2024-03-15 18:19:18,825  INFO [main] nopCommerce:55 - ************* Sending Email Id & Password *****************
2024-03-15 18:19:21,102  INFO [main] nopCommerce:63 - ************* Logging In *****************
2024-03-15 18:19:25,810  INFO [main] nopCommerce:77 - ************* Validating Page Title *****************
2024-03-15 18:19:25,817  INFO [main] nopCommerce:85 - ************* Logged Out Successfully *****************
2024-03-15 18:19:32,019  INFO [main] nopCommerce:47 - ************* Launching Test-Site Url *****************
2024-03-15 18:19:53,385  INFO [main] nopCommerce:47 - ************* Launching Test-Site Url *****************
2024-03-15 18:19:58,076  INFO [main] nopCommerce:77 - ************* Validating Page Title *****************
2024-03-15 18:19:58,103  INFO [main] nopCommerce:55 - ************* Sending Email Id & Password *****************
2024-03-15 18:20:00,787  INFO [main] nopCommerce:63 - ************* Logging In *****************
2024-03-15 18:20:07,621  INFO [main] nopCommerce:77 - ************* Validating Page Title *****************
2024-03-15 18:20:07,990  INFO [main] nopCommerce:104 - ************* Navigated on Customer Page *****************
2024-03-15 18:20:12,310  INFO [main] nopCommerce:110 - ************* Navigated to Add New Customer Page *****************
2024-03-15 18:20:14,629  INFO [main] nopCommerce:77 - ************* Validating Page Title *****************
2024-03-15 18:20:16,663  INFO [main] nopCommerce:117 - ************* Filling New Customer Details *****************
2024-03-15 18:20:18,580  INFO [main] nopCommerce:132 - ************* Saving New Customer Details *****************
2024-03-15 18:20:20,210  INFO [main] nopCommerce:138 - ************* New Customer Created Successfully *****************
2024-03-15 18:20:21,052  INFO [main] nopCommerce:91 - ************* Closing Browser *****************
2024-03-15 18:20:25,986  INFO [main] nopCommerce:47 - ************* Launching Test-Site Url *****************
2024-03-15 18:20:31,726  INFO [main] nopCommerce:77 - ************* Validating Page Title *****************
2024-03-15 18:20:31,759  INFO [main] nopCommerce:55 - ************* Sending Email Id & Password *****************
2024-03-15 18:20:34,273  INFO [main] nopCommerce:63 - ************* Logging In *****************
2024-03-15 18:20:46,855  INFO [main] nopCommerce:77 - ************* Validating Page Title *****************
2024-03-15 18:20:47,048  INFO [main] nopCommerce:104 - ************* Navigated on Customer Page *****************
2024-03-15 18:20:50,413  INFO [main] nopCommerce:145 - ************* Searching customer via Email Id *****************
2024-03-15 18:20:51,674  INFO [main] nopCommerce:152 - ************* Clicked on Search Button *****************
2024-03-15 18:20:53,805  INFO [main] nopCommerce:158 - ************* Validating Search Customer through Email Id *****************
2024-03-15 18:20:54,116  INFO [main] nopCommerce:91 - ************* Closing Browser *****************
2024-03-15 18:20:58,123  INFO [main] nopCommerce:47 - ************* Launching Test-Site Url *****************
2024-03-15 18:21:03,192  INFO [main] nopCommerce:77 - ************* Validating Page Title *****************
2024-03-15 18:21:03,222  INFO [main] nopCommerce:55 - ************* Sending Email Id & Password *****************
2024-03-15 18:21:05,963  INFO [main] nopCommerce:63 - ************* Logging In *****************
2024-03-15 18:21:14,523  INFO [main] nopCommerce:77 - ************* Validating Page Title *****************
2024-03-15 18:21:14,736  INFO [main] nopCommerce:104 - ************* Navigated on Customer Page *****************
2024-03-15 18:21:18,815  INFO [main] nopCommerce:164 - ************* Searching customer via FirstName & LastName *****************
2024-03-15 18:21:20,380  INFO [main] nopCommerce:152 - ************* Clicked on Search Button *****************
2024-03-15 18:21:22,510  INFO [main] nopCommerce:171 - ************* Validating Search Customer through FirstName & LastName *****************
2024-03-15 18:21:22,744  INFO [main] nopCommerce:91 - ************* Closing Browser *****************
2024-03-15 18:21:26,592  INFO [main] nopCommerce:47 - ************* Launching Test-Site Url *****************
2024-03-15 18:21:30,044  INFO [main] nopCommerce:77 - ************* Validating Page Title *****************
2024-03-15 18:21:30,057  INFO [main] nopCommerce:55 - ************* Sending Email Id & Password *****************
2024-03-15 18:21:32,613  INFO [main] nopCommerce:63 - ************* Logging In *****************
2024-03-15 18:21:40,336  INFO [main] nopCommerce:77 - ************* Validating Page Title *****************
2024-03-15 18:21:40,364  INFO [main] nopCommerce:85 - ************* Logged Out Successfully *****************
2024-03-15 18:21:43,094  INFO [main] nopCommerce:77 - ************* Validating Page Title *****************
2024-03-15 18:21:43,107  INFO [main] nopCommerce:91 - ************* Closing Browser *****************
2024-03-15 18:21:48,267  INFO [main] nopCommerce:47 - ************* Launching Test-Site Url *****************
2024-03-15 18:21:52,111  INFO [main] nopCommerce:77 - ************* Validating Page Title *****************
2024-03-15 18:21:52,141  INFO [main] nopCommerce:55 - ************* Sending Email Id & Password *****************
2024-03-15 18:21:54,816  INFO [main] nopCommerce:63 - ************* Logging In *****************
2024-03-15 18:21:57,550  INFO [main] nopCommerce:74 - ************* Display Invalid Login Message *****************
2024-03-15 18:21:58,195  INFO [main] nopCommerce:91 - ************* Closing Browser *****************
2024-03-15 18:22:01,895  INFO [main] nopCommerce:47 - ************* Launching Test-Site Url *****************
2024-03-15 18:22:05,630  INFO [main] nopCommerce:77 - ************* Validating Page Title *****************
2024-03-15 18:22:05,643  INFO [main] nopCommerce:55 - ************* Sending Email Id & Password *****************
2024-03-15 18:22:08,410  INFO [main] nopCommerce:63 - ************* Logging In *****************
2024-03-15 18:22:11,113  INFO [main] nopCommerce:74 - ************* Display Invalid Login Message *****************
2024-03-15 18:22:11,613  INFO [main] nopCommerce:91 - ************* Closing Browser *****************
2024-03-15 18:31:40,217  INFO [main] nopCommerce:52 - ************* Launching Test-Site Url *****************
2024-03-15 18:31:44,663  INFO [main] nopCommerce:82 - ************* Validating Page Title *****************
2024-03-15 18:31:44,683  INFO [main] nopCommerce:60 - ************* Sending Email Id & Password *****************
2024-03-15 18:31:47,239  INFO [main] nopCommerce:68 - ************* Logging In *****************
2024-03-15 18:31:52,719  INFO [main] nopCommerce:82 - ************* Validating Page Title *****************
2024-03-15 18:31:53,092  INFO [main] nopCommerce:109 - ************* Navigated on Customer Page *****************
2024-03-15 18:31:54,747  INFO [main] nopCommerce:115 - ************* Navigated to Add New Customer Page *****************
2024-03-15 18:31:56,699  INFO [main] nopCommerce:82 - ************* Validating Page Title *****************
2024-03-15 18:31:58,726  INFO [main] nopCommerce:122 - ************* Filling New Customer Details *****************
2024-03-15 18:32:00,742  INFO [main] nopCommerce:137 - ************* Saving New Customer Details *****************
2024-03-15 18:32:01,747  INFO [main] nopCommerce:143 - ************* New Customer Created Successfully *****************
2024-03-15 18:32:02,638  INFO [main] nopCommerce:96 - ************* Closing Browser *****************
2024-03-15 18:32:06,869  INFO [main] nopCommerce:52 - ************* Launching Test-Site Url *****************
2024-03-15 18:32:09,950  INFO [main] nopCommerce:82 - ************* Validating Page Title *****************
2024-03-15 18:32:09,970  INFO [main] nopCommerce:60 - ************* Sending Email Id & Password *****************
2024-03-15 18:32:12,543  INFO [main] nopCommerce:68 - ************* Logging In *****************
2024-03-15 18:32:18,089  INFO [main] nopCommerce:82 - ************* Validating Page Title *****************
2024-03-15 18:32:18,286  INFO [main] nopCommerce:109 - ************* Navigated on Customer Page *****************
2024-03-15 18:32:20,917  INFO [main] nopCommerce:150 - ************* Searching customer via Email Id *****************
2024-03-15 18:32:22,219  INFO [main] nopCommerce:157 - ************* Clicked on Search Button *****************
2024-03-15 18:32:24,352  INFO [main] nopCommerce:163 - ************* Validating Search Customer through Email Id *****************
2024-03-15 18:32:24,571  INFO [main] nopCommerce:96 - ************* Closing Browser *****************
2024-03-15 18:32:28,764  INFO [main] nopCommerce:52 - ************* Launching Test-Site Url *****************
2024-03-15 18:32:32,018  INFO [main] nopCommerce:82 - ************* Validating Page Title *****************
2024-03-15 18:32:32,038  INFO [main] nopCommerce:60 - ************* Sending Email Id & Password *****************
2024-03-15 18:32:34,665  INFO [main] nopCommerce:68 - ************* Logging In *****************
2024-03-15 18:32:40,152  INFO [main] nopCommerce:82 - ************* Validating Page Title *****************
2024-03-15 18:32:40,489  INFO [main] nopCommerce:109 - ************* Navigated on Customer Page *****************
2024-03-15 18:32:43,134  INFO [main] nopCommerce:169 - ************* Searching customer via FirstName & LastName *****************
2024-03-15 18:32:44,424  INFO [main] nopCommerce:157 - ************* Clicked on Search Button *****************
2024-03-15 18:32:46,536  INFO [main] nopCommerce:176 - ************* Validating Search Customer through FirstName & LastName *****************
2024-03-15 18:32:46,756  INFO [main] nopCommerce:96 - ************* Closing Browser *****************
2024-03-15 18:32:50,700  INFO [main] nopCommerce:52 - ************* Launching Test-Site Url *****************
2024-03-15 18:32:54,763  INFO [main] nopCommerce:82 - ************* Validating Page Title *****************
2024-03-15 18:32:54,795  INFO [main] nopCommerce:60 - ************* Sending Email Id & Password *****************
2024-03-15 18:32:57,385  INFO [main] nopCommerce:68 - ************* Logging In *****************
2024-03-15 18:33:02,647  INFO [main] nopCommerce:82 - ************* Validating Page Title *****************
2024-03-15 18:33:02,669  INFO [main] nopCommerce:90 - ************* Logged Out Successfully *****************
2024-03-15 18:33:05,114  INFO [main] nopCommerce:82 - ************* Validating Page Title *****************
2024-03-15 18:33:05,126  INFO [main] nopCommerce:96 - ************* Closing Browser *****************
2024-03-15 18:33:08,965  INFO [main] nopCommerce:52 - ************* Launching Test-Site Url *****************
2024-03-15 18:33:13,151  INFO [main] nopCommerce:82 - ************* Validating Page Title *****************
2024-03-15 18:33:13,182  INFO [main] nopCommerce:60 - ************* Sending Email Id & Password *****************
2024-03-15 18:33:16,063  INFO [main] nopCommerce:68 - ************* Logging In *****************
2024-03-15 18:33:18,815  INFO [main] nopCommerce:79 - ************* Display Invalid Login Message *****************
2024-03-15 18:33:19,121  INFO [main] nopCommerce:96 - ************* Closing Browser *****************
2024-03-15 18:33:23,029  INFO [main] nopCommerce:52 - ************* Launching Test-Site Url *****************
2024-03-15 18:33:27,399  INFO [main] nopCommerce:82 - ************* Validating Page Title *****************
2024-03-15 18:33:27,429  INFO [main] nopCommerce:60 - ************* Sending Email Id & Password *****************
2024-03-15 18:33:30,005  INFO [main] nopCommerce:68 - ************* Logging In *****************
2024-03-15 18:33:32,729  INFO [main] nopCommerce:79 - ************* Display Invalid Login Message *****************
2024-03-15 18:33:33,091  INFO [main] nopCommerce:96 - ************* Closing Browser *****************
2024-03-15 18:34:21,764  INFO [main] nopCommerce:52 - ************* Launching Test-Site Url *****************
2024-03-15 18:34:24,883  INFO [main] nopCommerce:82 - ************* Validating Page Title *****************
2024-03-15 18:34:24,911  INFO [main] nopCommerce:60 - ************* Sending Email Id & Password *****************
2024-03-15 18:34:27,225  INFO [main] nopCommerce:68 - ************* Logging In *****************
2024-03-15 18:34:33,040  INFO [main] nopCommerce:82 - ************* Validating Page Title *****************
2024-03-15 18:34:33,455  INFO [main] nopCommerce:109 - ************* Navigated on Customer Page *****************
2024-03-15 18:34:34,737  INFO [main] nopCommerce:115 - ************* Navigated to Add New Customer Page *****************
2024-03-15 18:34:36,125  INFO [main] nopCommerce:82 - ************* Validating Page Title *****************
2024-03-15 18:34:40,891  INFO [main] nopCommerce:52 - ************* Launching Test-Site Url *****************
2024-03-15 18:34:43,926  INFO [main] nopCommerce:82 - ************* Validating Page Title *****************
2024-03-15 18:34:43,935  INFO [main] nopCommerce:60 - ************* Sending Email Id & Password *****************
2024-03-15 18:34:46,199  INFO [main] nopCommerce:68 - ************* Logging In *****************
2024-03-15 18:45:42,572  INFO [main] nopCommerce:52 - ************* Launching Test-Site Url *****************
2024-03-15 18:45:46,830  INFO [main] nopCommerce:82 - ************* Validating Page Title *****************
2024-03-15 18:45:46,858  INFO [main] nopCommerce:60 - ************* Sending Email Id & Password *****************
2024-03-15 18:45:49,443  INFO [main] nopCommerce:68 - ************* Logging In *****************
2024-03-15 18:45:53,695  INFO [main] nopCommerce:82 - ************* Validating Page Title *****************
2024-03-15 18:45:53,996  INFO [main] nopCommerce:109 - ************* Navigated on Customer Page *****************
2024-03-15 18:45:56,295  INFO [main] nopCommerce:115 - ************* Navigated to Add New Customer Page *****************
2024-03-15 18:45:58,814  INFO [main] nopCommerce:82 - ************* Validating Page Title *****************
2024-03-15 18:46:00,845  INFO [main] nopCommerce:122 - ************* Filling New Customer Details *****************
2024-03-15 18:46:02,708  INFO [main] nopCommerce:137 - ************* Saving New Customer Details *****************
2024-03-15 18:46:03,749  INFO [main] nopCommerce:143 - ************* New Customer Created Successfully *****************
2024-03-15 18:46:04,652  INFO [main] nopCommerce:96 - ************* Closing Browser *****************
2024-03-15 18:46:08,724  INFO [main] nopCommerce:52 - ************* Launching Test-Site Url *****************
2024-03-15 18:46:12,487  INFO [main] nopCommerce:82 - ************* Validating Page Title *****************
2024-03-15 18:46:12,516  INFO [main] nopCommerce:60 - ************* Sending Email Id & Password *****************
2024-03-15 18:46:15,090  INFO [main] nopCommerce:68 - ************* Logging In *****************
2024-03-15 18:46:19,848  INFO [main] nopCommerce:82 - ************* Validating Page Title *****************
2024-03-15 18:46:19,866  INFO [main] nopCommerce:90 - ************* Logged Out Successfully *****************
2024-03-15 18:46:22,807  INFO [main] nopCommerce:82 - ************* Validating Page Title *****************
2024-03-15 18:46:22,831  INFO [main] nopCommerce:96 - ************* Closing Browser *****************
2024-03-15 18:50:43,724  INFO [main] nopCommerce:52 - ************* Launching Test-Site Url *****************
2024-03-15 18:50:47,676  INFO [main] nopCommerce:82 - ************* Validating Page Title *****************
2024-03-15 18:50:47,698  INFO [main] nopCommerce:60 - ************* Sending Email Id & Password *****************
2024-03-15 18:50:50,349  INFO [main] nopCommerce:68 - ************* Logging In *****************
2024-03-15 18:50:55,102  INFO [main] nopCommerce:82 - ************* Validating Page Title *****************
2024-03-15 18:50:55,401  INFO [main] nopCommerce:109 - ************* Navigated on Customer Page *****************
2024-03-15 18:50:57,801  INFO [main] nopCommerce:115 - ************* Navigated to Add New Customer Page *****************
2024-03-15 18:50:59,703  INFO [main] nopCommerce:82 - ************* Validating Page Title *****************
2024-03-15 18:51:01,720  INFO [main] nopCommerce:122 - ************* Filling New Customer Details *****************
2024-03-15 18:51:04,031  INFO [main] nopCommerce:137 - ************* Saving New Customer Details *****************
2024-03-15 18:51:07,561  INFO [main] nopCommerce:143 - ************* New Customer Created Successfully *****************
2024-03-15 18:51:08,399  INFO [main] nopCommerce:96 - ************* Closing Browser *****************
2024-03-15 18:51:12,648  INFO [main] nopCommerce:52 - ************* Launching Test-Site Url *****************
2024-03-15 18:51:16,728  INFO [main] nopCommerce:82 - ************* Validating Page Title *****************
2024-03-15 18:51:16,756  INFO [main] nopCommerce:60 - ************* Sending Email Id & Password *****************
2024-03-15 18:51:19,370  INFO [main] nopCommerce:68 - ************* Logging In *****************
2024-03-15 18:51:24,255  INFO [main] nopCommerce:82 - ************* Validating Page Title *****************
2024-03-15 18:51:24,500  INFO [main] nopCommerce:109 - ************* Navigated on Customer Page *****************
2024-03-15 18:51:26,133  INFO [main] nopCommerce:150 - ************* Searching customer via Email Id *****************
2024-03-15 18:51:27,622  INFO [main] nopCommerce:157 - ************* Clicked on Search Button *****************
2024-03-15 18:51:29,878  INFO [main] nopCommerce:163 - ************* Validating Search Customer through Email Id *****************
2024-03-15 18:51:30,205  INFO [main] nopCommerce:96 - ************* Closing Browser *****************
2024-03-15 18:51:34,158  INFO [main] nopCommerce:52 - ************* Launching Test-Site Url *****************
2024-03-15 18:51:38,015  INFO [main] nopCommerce:82 - ************* Validating Page Title *****************
2024-03-15 18:51:38,039  INFO [main] nopCommerce:60 - ************* Sending Email Id & Password *****************
2024-03-15 18:51:40,642  INFO [main] nopCommerce:68 - ************* Logging In *****************
2024-03-15 18:51:45,641  INFO [main] nopCommerce:82 - ************* Validating Page Title *****************
2024-03-15 18:51:46,016  INFO [main] nopCommerce:109 - ************* Navigated on Customer Page *****************
2024-03-15 18:51:47,442  INFO [main] nopCommerce:169 - ************* Searching customer via FirstName & LastName *****************
2024-03-15 18:51:48,524  INFO [main] nopCommerce:157 - ************* Clicked on Search Button *****************
2024-03-15 18:51:50,651  INFO [main] nopCommerce:176 - ************* Validating Search Customer through FirstName & LastName *****************
2024-03-15 18:51:50,942  INFO [main] nopCommerce:96 - ************* Closing Browser *****************
2024-03-15 18:51:55,050  INFO [main] nopCommerce:52 - ************* Launching Test-Site Url *****************
2024-03-15 18:51:59,247  INFO [main] nopCommerce:82 - ************* Validating Page Title *****************
2024-03-15 18:51:59,277  INFO [main] nopCommerce:60 - ************* Sending Email Id & Password *****************
2024-03-15 18:52:01,871  INFO [main] nopCommerce:68 - ************* Logging In *****************
2024-03-15 18:52:08,837  INFO [main] nopCommerce:82 - ************* Validating Page Title *****************
2024-03-15 18:52:08,855  INFO [main] nopCommerce:90 - ************* Logged Out Successfully *****************
2024-03-15 18:52:10,813  INFO [main] nopCommerce:82 - ************* Validating Page Title *****************
2024-03-15 18:52:10,823  INFO [main] nopCommerce:96 - ************* Closing Browser *****************
2024-03-15 18:52:14,820  INFO [main] nopCommerce:52 - ************* Launching Test-Site Url *****************
2024-03-15 18:52:18,850  INFO [main] nopCommerce:82 - ************* Validating Page Title *****************
2024-03-15 18:52:18,877  INFO [main] nopCommerce:60 - ************* Sending Email Id & Password *****************
2024-03-15 18:52:21,542  INFO [main] nopCommerce:68 - ************* Logging In *****************
2024-03-15 18:52:24,289  INFO [main] nopCommerce:79 - ************* Display Invalid Login Message *****************
2024-03-15 18:52:24,768  INFO [main] nopCommerce:96 - ************* Closing Browser *****************
2024-03-15 18:52:28,336  INFO [main] nopCommerce:52 - ************* Launching Test-Site Url *****************
2024-03-15 18:52:32,745  INFO [main] nopCommerce:82 - ************* Validating Page Title *****************
2024-03-15 18:52:32,766  INFO [main] nopCommerce:60 - ************* Sending Email Id & Password *****************
2024-03-15 18:52:35,393  INFO [main] nopCommerce:68 - ************* Logging In *****************
2024-03-15 18:52:38,167  INFO [main] nopCommerce:79 - ************* Display Invalid Login Message *****************
2024-03-15 18:52:38,504  INFO [main] nopCommerce:96 - ************* Closing Browser *****************
2024-03-16 15:05:24,166  INFO [main] nopCommerce:52 - ************* Launching Test-Site Url *****************
2024-03-16 15:05:28,964  INFO [main] nopCommerce:82 - ************* Validating Page Title *****************
2024-03-16 15:05:29,001  INFO [main] nopCommerce:60 - ************* Sending Email Id & Password *****************
2024-03-16 15:05:31,690  INFO [main] nopCommerce:68 - ************* Logging In *****************
2024-03-16 15:05:36,955  INFO [main] nopCommerce:82 - ************* Validating Page Title *****************
2024-03-16 15:05:37,326  INFO [main] nopCommerce:109 - ************* Navigated on Customer Page *****************
2024-03-16 15:05:40,102  INFO [main] nopCommerce:115 - ************* Navigated to Add New Customer Page *****************
2024-03-16 15:05:41,268  INFO [main] nopCommerce:82 - ************* Validating Page Title *****************
2024-03-16 15:05:43,293  INFO [main] nopCommerce:122 - ************* Filling New Customer Details *****************
2024-03-16 15:05:45,302  INFO [main] nopCommerce:137 - ************* Saving New Customer Details *****************
2024-03-16 15:05:46,820  INFO [main] nopCommerce:143 - ************* New Customer Created Successfully *****************
2024-03-16 15:05:47,946  INFO [main] nopCommerce:96 - ************* Closing Browser *****************
2024-03-16 15:05:52,113  INFO [main] nopCommerce:52 - ************* Launching Test-Site Url *****************
2024-03-16 15:05:58,022  INFO [main] nopCommerce:82 - ************* Validating Page Title *****************
2024-03-16 15:05:58,049  INFO [main] nopCommerce:60 - ************* Sending Email Id & Password *****************
2024-03-16 15:06:00,776  INFO [main] nopCommerce:68 - ************* Logging In *****************
2024-03-16 15:06:09,764  INFO [main] nopCommerce:82 - ************* Validating Page Title *****************
2024-03-16 15:06:09,981  INFO [main] nopCommerce:109 - ************* Navigated on Customer Page *****************
2024-03-16 15:06:13,136  INFO [main] nopCommerce:150 - ************* Searching customer via Email Id *****************
2024-03-16 15:06:14,295  INFO [main] nopCommerce:157 - ************* Clicked on Search Button *****************
2024-03-16 15:06:16,573  INFO [main] nopCommerce:163 - ************* Validating Search Customer through Email Id *****************
2024-03-16 15:06:16,897  INFO [main] nopCommerce:96 - ************* Closing Browser *****************
2024-03-16 15:06:21,894  INFO [main] nopCommerce:52 - ************* Launching Test-Site Url *****************
2024-03-16 15:06:25,837  INFO [main] nopCommerce:82 - ************* Validating Page Title *****************
2024-03-16 15:06:25,853  INFO [main] nopCommerce:60 - ************* Sending Email Id & Password *****************
2024-03-16 15:06:28,490  INFO [main] nopCommerce:68 - ************* Logging In *****************
2024-03-16 15:06:33,548  INFO [main] nopCommerce:82 - ************* Validating Page Title *****************
2024-03-16 15:06:33,760  INFO [main] nopCommerce:109 - ************* Navigated on Customer Page *****************
2024-03-16 15:06:36,736  INFO [main] nopCommerce:169 - ************* Searching customer via FirstName & LastName *****************
2024-03-16 15:06:37,289  INFO [main] nopCommerce:157 - ************* Clicked on Search Button *****************
2024-03-16 15:06:39,453  INFO [main] nopCommerce:176 - ************* Validating Search Customer through FirstName & LastName *****************
2024-03-16 15:06:39,641  INFO [main] nopCommerce:96 - ************* Closing Browser *****************
2024-03-16 15:06:43,572  INFO [main] nopCommerce:52 - ************* Launching Test-Site Url *****************
2024-03-16 15:06:47,885  INFO [main] nopCommerce:82 - ************* Validating Page Title *****************
2024-03-16 15:06:47,911  INFO [main] nopCommerce:60 - ************* Sending Email Id & Password *****************
2024-03-16 15:06:50,624  INFO [main] nopCommerce:68 - ************* Logging In *****************
2024-03-16 15:06:55,682  INFO [main] nopCommerce:82 - ************* Validating Page Title *****************
2024-03-16 15:06:55,691  INFO [main] nopCommerce:90 - ************* Logged Out Successfully *****************
2024-03-16 15:06:59,628  INFO [main] nopCommerce:82 - ************* Validating Page Title *****************
2024-03-16 15:06:59,641  INFO [main] nopCommerce:96 - ************* Closing Browser *****************
2024-03-16 15:07:03,586  INFO [main] nopCommerce:52 - ************* Launching Test-Site Url *****************
2024-03-16 15:07:07,897  INFO [main] nopCommerce:82 - ************* Validating Page Title *****************
2024-03-16 15:07:07,924  INFO [main] nopCommerce:60 - ************* Sending Email Id & Password *****************
2024-03-16 15:07:10,906  INFO [main] nopCommerce:68 - ************* Logging In *****************
2024-03-16 15:07:13,696  INFO [main] nopCommerce:79 - ************* Display Invalid Login Message *****************
2024-03-16 15:07:13,914  INFO [main] nopCommerce:96 - ************* Closing Browser *****************
2024-03-16 15:07:17,503  INFO [main] nopCommerce:52 - ************* Launching Test-Site Url *****************
2024-03-16 15:07:21,628  INFO [main] nopCommerce:82 - ************* Validating Page Title *****************
2024-03-16 15:07:21,654  INFO [main] nopCommerce:60 - ************* Sending Email Id & Password *****************
2024-03-16 15:07:24,228  INFO [main] nopCommerce:68 - ************* Logging In *****************
2024-03-16 15:07:28,053  INFO [main] nopCommerce:79 - ************* Display Invalid Login Message *****************
2024-03-16 15:07:28,664  INFO [main] nopCommerce:96 - ************* Closing Browser *****************
2024-03-16 15:23:01,683  INFO [main] nopCommerce:52 - ************* Launching Test-Site Url *****************
2024-03-16 15:23:05,948  INFO [main] nopCommerce:82 - ************* Validating Page Title *****************
2024-03-16 15:23:05,989  INFO [main] nopCommerce:60 - ************* Sending Email Id & Password *****************
2024-03-16 15:23:08,619  INFO [main] nopCommerce:68 - ************* Logging In *****************
2024-03-16 15:23:17,031  INFO [main] nopCommerce:82 - ************* Validating Page Title *****************
2024-03-16 15:23:17,311  INFO [main] nopCommerce:109 - ************* Navigated on Customer Page *****************
2024-03-16 15:23:20,083  INFO [main] nopCommerce:115 - ************* Navigated to Add New Customer Page *****************
2024-03-16 15:23:22,180  INFO [main] nopCommerce:82 - ************* Validating Page Title *****************
2024-03-16 15:23:24,199  INFO [main] nopCommerce:122 - ************* Filling New Customer Details *****************
2024-03-16 15:23:26,795  INFO [main] nopCommerce:137 - ************* Saving New Customer Details *****************
2024-03-16 15:23:28,249  INFO [main] nopCommerce:143 - ************* New Customer Created Successfully *****************
2024-03-16 15:23:29,411  INFO [main] nopCommerce:96 - ************* Closing Browser *****************
2024-03-16 15:23:33,811  INFO [main] nopCommerce:52 - ************* Launching Test-Site Url *****************
2024-03-16 15:23:37,860  INFO [main] nopCommerce:82 - ************* Validating Page Title *****************
2024-03-16 15:23:37,889  INFO [main] nopCommerce:60 - ************* Sending Email Id & Password *****************
2024-03-16 15:23:40,679  INFO [main] nopCommerce:68 - ************* Logging In *****************
2024-03-16 15:23:49,133  INFO [main] nopCommerce:82 - ************* Validating Page Title *****************
2024-03-16 15:23:49,348  INFO [main] nopCommerce:109 - ************* Navigated on Customer Page *****************
2024-03-16 15:23:52,769  INFO [main] nopCommerce:150 - ************* Searching customer via Email Id *****************
2024-03-16 15:23:54,031  INFO [main] nopCommerce:157 - ************* Clicked on Search Button *****************
2024-03-16 15:23:56,155  INFO [main] nopCommerce:163 - ************* Validating Search Customer through Email Id *****************
2024-03-16 15:23:56,422  INFO [main] nopCommerce:96 - ************* Closing Browser *****************
2024-03-16 15:24:00,335  INFO [main] nopCommerce:52 - ************* Launching Test-Site Url *****************
2024-03-16 15:24:04,409  INFO [main] nopCommerce:82 - ************* Validating Page Title *****************
2024-03-16 15:24:04,434  INFO [main] nopCommerce:60 - ************* Sending Email Id & Password *****************
2024-03-16 15:24:07,209  INFO [main] nopCommerce:68 - ************* Logging In *****************
2024-03-16 15:24:13,480  INFO [main] nopCommerce:82 - ************* Validating Page Title *****************
2024-03-16 15:24:13,679  INFO [main] nopCommerce:109 - ************* Navigated on Customer Page *****************
2024-03-16 15:24:32,261  INFO [main] nopCommerce:52 - ************* Launching Test-Site Url *****************
2024-03-16 15:24:37,970  INFO [main] nopCommerce:82 - ************* Validating Page Title *****************
2024-03-16 15:24:37,988  INFO [main] nopCommerce:60 - ************* Sending Email Id & Password *****************
2024-03-16 15:24:40,453  INFO [main] nopCommerce:68 - ************* Logging In *****************
2024-03-16 15:24:46,197  INFO [main] nopCommerce:82 - ************* Validating Page Title *****************
2024-03-16 15:24:46,208  INFO [main] nopCommerce:90 - ************* Logged Out Successfully *****************
2024-03-16 15:24:49,233  INFO [main] nopCommerce:52 - ************* Launching Test-Site Url *****************
2024-03-16 15:24:53,559  INFO [main] nopCommerce:82 - ************* Validating Page Title *****************
2024-03-16 15:24:53,586  INFO [main] nopCommerce:60 - ************* Sending Email Id & Password *****************
2024-03-16 15:24:56,366  INFO [main] nopCommerce:68 - ************* Logging In *****************
2024-03-16 15:24:59,133  INFO [main] nopCommerce:79 - ************* Display Invalid Login Message *****************
2024-03-16 15:24:59,423  INFO [main] nopCommerce:96 - ************* Closing Browser *****************
2024-03-16 15:25:03,356  INFO [main] nopCommerce:52 - ************* Launching Test-Site Url *****************
2024-03-16 15:25:07,595  INFO [main] nopCommerce:82 - ************* Validating Page Title *****************
2024-03-16 15:25:07,619  INFO [main] nopCommerce:60 - ************* Sending Email Id & Password *****************
2024-03-16 15:25:10,270  INFO [main] nopCommerce:68 - ************* Logging In *****************
2024-03-16 15:25:13,478  INFO [main] nopCommerce:79 - ************* Display Invalid Login Message *****************
2024-03-16 15:25:13,806  INFO [main] nopCommerce:96 - ************* Closing Browser *****************
2024-03-16 15:25:51,250  INFO [main] nopCommerce:52 - ************* Launching Test-Site Url *****************
2024-03-16 15:25:55,871  INFO [main] nopCommerce:82 - ************* Validating Page Title *****************
2024-03-16 15:25:55,895  INFO [main] nopCommerce:60 - ************* Sending Email Id & Password *****************
2024-03-16 15:25:58,516  INFO [main] nopCommerce:68 - ************* Logging In *****************
2024-03-16 15:26:05,708  INFO [main] nopCommerce:82 - ************* Validating Page Title *****************
2024-03-16 15:26:06,076  INFO [main] nopCommerce:109 - ************* Navigated on Customer Page *****************
2024-03-16 15:26:08,346  INFO [main] nopCommerce:115 - ************* Navigated to Add New Customer Page *****************
2024-03-16 15:26:10,806  INFO [main] nopCommerce:82 - ************* Validating Page Title *****************
2024-03-16 15:26:12,833  INFO [main] nopCommerce:122 - ************* Filling New Customer Details *****************
2024-03-16 15:26:14,822  INFO [main] nopCommerce:137 - ************* Saving New Customer Details *****************
2024-03-16 15:26:15,973  INFO [main] nopCommerce:143 - ************* New Customer Created Successfully *****************
2024-03-16 15:26:17,039  INFO [main] nopCommerce:96 - ************* Closing Browser *****************
2024-03-16 15:26:21,056  INFO [main] nopCommerce:52 - ************* Launching Test-Site Url *****************
2024-03-16 15:26:25,347  INFO [main] nopCommerce:82 - ************* Validating Page Title *****************
2024-03-16 15:26:25,375  INFO [main] nopCommerce:60 - ************* Sending Email Id & Password *****************
2024-03-16 15:26:28,027  INFO [main] nopCommerce:68 - ************* Logging In *****************
2024-03-16 15:26:36,420  INFO [main] nopCommerce:82 - ************* Validating Page Title *****************
2024-03-16 15:26:36,701  INFO [main] nopCommerce:109 - ************* Navigated on Customer Page *****************
2024-03-16 15:26:39,874  INFO [main] nopCommerce:150 - ************* Searching customer via Email Id *****************
2024-03-16 15:26:40,209  INFO [main] nopCommerce:157 - ************* Clicked on Search Button *****************
2024-03-16 15:26:42,346  INFO [main] nopCommerce:163 - ************* Validating Search Customer through Email Id *****************
2024-03-16 15:26:42,639  INFO [main] nopCommerce:96 - ************* Closing Browser *****************
2024-03-16 15:26:46,539  INFO [main] nopCommerce:52 - ************* Launching Test-Site Url *****************
2024-03-16 15:26:50,860  INFO [main] nopCommerce:82 - ************* Validating Page Title *****************
2024-03-16 15:26:50,873  INFO [main] nopCommerce:60 - ************* Sending Email Id & Password *****************
2024-03-16 15:26:53,597  INFO [main] nopCommerce:68 - ************* Logging In *****************
2024-03-16 15:26:59,180  INFO [main] nopCommerce:82 - ************* Validating Page Title *****************
2024-03-16 15:26:59,387  INFO [main] nopCommerce:109 - ************* Navigated on Customer Page *****************
2024-03-16 15:27:01,312  INFO [main] nopCommerce:169 - ************* Searching customer via FirstName & LastName *****************
2024-03-16 15:27:02,532  INFO [main] nopCommerce:157 - ************* Clicked on Search Button *****************
2024-03-16 15:27:04,668  INFO [main] nopCommerce:176 - ************* Validating Search Customer through FirstName & LastName *****************
2024-03-16 15:27:04,978  INFO [main] nopCommerce:96 - ************* Closing Browser *****************
2024-03-16 15:27:08,996  INFO [main] nopCommerce:52 - ************* Launching Test-Site Url *****************
2024-03-16 15:27:13,254  INFO [main] nopCommerce:82 - ************* Validating Page Title *****************
2024-03-16 15:27:13,264  INFO [main] nopCommerce:60 - ************* Sending Email Id & Password *****************
2024-03-16 15:27:15,716  INFO [main] nopCommerce:68 - ************* Logging In *****************
2024-03-16 15:27:20,979  INFO [main] nopCommerce:82 - ************* Validating Page Title *****************
2024-03-16 15:27:20,989  INFO [main] nopCommerce:90 - ************* Logged Out Successfully *****************
2024-03-16 15:27:24,135  INFO [main] nopCommerce:82 - ************* Validating Page Title *****************
2024-03-16 15:27:24,146  INFO [main] nopCommerce:96 - ************* Closing Browser *****************
2024-03-16 15:27:28,288  INFO [main] nopCommerce:52 - ************* Launching Test-Site Url *****************
2024-03-16 15:27:32,112  INFO [main] nopCommerce:82 - ************* Validating Page Title *****************
2024-03-16 15:27:32,137  INFO [main] nopCommerce:60 - ************* Sending Email Id & Password *****************
2024-03-16 15:27:34,694  INFO [main] nopCommerce:68 - ************* Logging In *****************
2024-03-16 15:27:37,572  INFO [main] nopCommerce:79 - ************* Display Invalid Login Message *****************
2024-03-16 15:27:37,746  INFO [main] nopCommerce:96 - ************* Closing Browser *****************
2024-03-16 15:27:41,516  INFO [main] nopCommerce:52 - ************* Launching Test-Site Url *****************
2024-03-16 15:27:46,128  INFO [main] nopCommerce:82 - ************* Validating Page Title *****************
2024-03-16 15:27:46,159  INFO [main] nopCommerce:60 - ************* Sending Email Id & Password *****************
2024-03-16 15:27:48,899  INFO [main] nopCommerce:68 - ************* Logging In *****************
2024-03-16 15:27:51,712  INFO [main] nopCommerce:79 - ************* Display Invalid Login Message *****************
2024-03-16 15:27:52,021  INFO [main] nopCommerce:96 - ************* Closing Browser *****************
2024-03-16 15:38:34,597  INFO [main] nopCommerce:52 - ************* Launching Test-Site Url *****************
2024-03-16 15:38:38,737  INFO [main] nopCommerce:82 - ************* Validating Page Title *****************
2024-03-16 15:38:38,779  INFO [main] nopCommerce:60 - ************* Sending Email Id & Password *****************
2024-03-16 15:38:41,441  INFO [main] nopCommerce:68 - ************* Logging In *****************
2024-03-16 15:38:49,067  INFO [main] nopCommerce:82 - ************* Validating Page Title *****************
2024-03-16 15:38:49,287  INFO [main] nopCommerce:109 - ************* Navigated on Customer Page *****************
2024-03-16 15:39:06,523  INFO [main] nopCommerce:52 - ************* Launching Test-Site Url *****************
2024-03-16 15:39:11,087  INFO [main] nopCommerce:82 - ************* Validating Page Title *****************
2024-03-16 15:39:11,101  INFO [main] nopCommerce:60 - ************* Sending Email Id & Password *****************
2024-03-16 15:39:13,660  INFO [main] nopCommerce:68 - ************* Logging In *****************
2024-03-16 15:39:27,680  INFO [main] nopCommerce:82 - ************* Validating Page Title *****************
2024-03-16 15:39:27,872  INFO [main] nopCommerce:109 - ************* Navigated on Customer Page *****************
2024-03-16 15:39:45,545  INFO [main] nopCommerce:52 - ************* Launching Test-Site Url *****************
2024-03-16 15:40:17,137  INFO [main] nopCommerce:52 - ************* Launching Test-Site Url *****************
2024-03-16 15:40:21,522  INFO [main] nopCommerce:82 - ************* Validating Page Title *****************
2024-03-16 15:40:21,540  INFO [main] nopCommerce:60 - ************* Sending Email Id & Password *****************
2024-03-16 15:40:24,106  INFO [main] nopCommerce:68 - ************* Logging In *****************
2024-03-16 15:40:37,916  INFO [main] nopCommerce:82 - ************* Validating Page Title *****************
2024-03-16 15:40:38,136  INFO [main] nopCommerce:109 - ************* Navigated on Customer Page *****************
2024-03-16 15:40:56,237  INFO [main] nopCommerce:52 - ************* Launching Test-Site Url *****************
2024-03-16 15:41:33,541  INFO [main] nopCommerce:52 - ************* Launching Test-Site Url *****************
2024-03-16 15:41:37,849  INFO [main] nopCommerce:82 - ************* Validating Page Title *****************
2024-03-16 15:41:37,886  INFO [main] nopCommerce:60 - ************* Sending Email Id & Password *****************
2024-03-16 15:41:40,553  INFO [main] nopCommerce:68 - ************* Logging In *****************
2024-03-16 15:41:55,773  INFO [main] nopCommerce:82 - ************* Validating Page Title *****************
2024-03-16 15:41:56,096  INFO [main] nopCommerce:109 - ************* Navigated on Customer Page *****************
2024-03-16 15:41:59,865  INFO [main] nopCommerce:115 - ************* Navigated to Add New Customer Page *****************
2024-03-16 15:42:02,916  INFO [main] nopCommerce:82 - ************* Validating Page Title *****************
2024-03-16 15:42:04,950  INFO [main] nopCommerce:122 - ************* Filling New Customer Details *****************
2024-03-16 15:42:06,706  INFO [main] nopCommerce:137 - ************* Saving New Customer Details *****************
2024-03-16 15:42:09,786  INFO [main] nopCommerce:143 - ************* New Customer Created Successfully *****************
2024-03-16 15:42:10,809  INFO [main] nopCommerce:96 - ************* Closing Browser *****************
2024-03-16 15:42:14,945  INFO [main] nopCommerce:52 - ************* Launching Test-Site Url *****************
2024-03-16 15:42:19,171  INFO [main] nopCommerce:82 - ************* Validating Page Title *****************
2024-03-16 15:42:19,205  INFO [main] nopCommerce:60 - ************* Sending Email Id & Password *****************
2024-03-16 15:42:21,982  INFO [main] nopCommerce:68 - ************* Logging In *****************
2024-03-16 15:42:37,637  INFO [main] nopCommerce:82 - ************* Validating Page Title *****************
2024-03-16 15:42:37,824  INFO [main] nopCommerce:109 - ************* Navigated on Customer Page *****************
2024-03-16 15:42:46,378  INFO [main] nopCommerce:150 - ************* Searching customer via Email Id *****************
2024-03-16 15:42:48,878  INFO [main] nopCommerce:157 - ************* Clicked on Search Button *****************
2024-03-16 15:42:51,035  INFO [main] nopCommerce:163 - ************* Validating Search Customer through Email Id *****************
2024-03-16 15:42:51,298  INFO [main] nopCommerce:96 - ************* Closing Browser *****************
2024-03-16 15:42:55,375  INFO [main] nopCommerce:52 - ************* Launching Test-Site Url *****************
2024-03-16 15:43:00,244  INFO [main] nopCommerce:82 - ************* Validating Page Title *****************
2024-03-16 15:43:00,273  INFO [main] nopCommerce:60 - ************* Sending Email Id & Password *****************
2024-03-16 15:43:03,069  INFO [main] nopCommerce:68 - ************* Logging In *****************
2024-03-16 15:43:17,579  INFO [main] nopCommerce:82 - ************* Validating Page Title *****************
2024-03-16 15:43:17,825  INFO [main] nopCommerce:109 - ************* Navigated on Customer Page *****************
2024-03-16 15:43:22,360  INFO [main] nopCommerce:169 - ************* Searching customer via FirstName & LastName *****************
2024-03-16 15:43:23,818  INFO [main] nopCommerce:157 - ************* Clicked on Search Button *****************
2024-03-16 15:43:25,944  INFO [main] nopCommerce:176 - ************* Validating Search Customer through FirstName & LastName *****************
2024-03-16 15:43:26,206  INFO [main] nopCommerce:96 - ************* Closing Browser *****************
2024-03-16 15:43:29,938  INFO [main] nopCommerce:52 - ************* Launching Test-Site Url *****************
2024-03-16 15:43:34,748  INFO [main] nopCommerce:82 - ************* Validating Page Title *****************
2024-03-16 15:43:34,769  INFO [main] nopCommerce:60 - ************* Sending Email Id & Password *****************
2024-03-16 15:43:37,455  INFO [main] nopCommerce:68 - ************* Logging In *****************
2024-03-16 15:43:56,396  INFO [main] nopCommerce:82 - ************* Validating Page Title *****************
2024-03-16 15:43:56,416  INFO [main] nopCommerce:90 - ************* Logged Out Successfully *****************
2024-03-16 15:43:59,415  INFO [main] nopCommerce:52 - ************* Launching Test-Site Url *****************
2024-03-16 15:44:04,424  INFO [main] nopCommerce:82 - ************* Validating Page Title *****************
2024-03-16 15:44:04,435  INFO [main] nopCommerce:60 - ************* Sending Email Id & Password *****************
2024-03-16 15:44:06,915  INFO [main] nopCommerce:68 - ************* Logging In *****************
2024-03-16 15:44:10,472  INFO [main] nopCommerce:79 - ************* Display Invalid Login Message *****************
2024-03-16 15:44:10,754  INFO [main] nopCommerce:96 - ************* Closing Browser *****************
2024-03-16 15:44:14,719  INFO [main] nopCommerce:52 - ************* Launching Test-Site Url *****************
2024-03-16 15:44:19,203  INFO [main] nopCommerce:82 - ************* Validating Page Title *****************
2024-03-16 15:44:19,352  INFO [main] nopCommerce:60 - ************* Sending Email Id & Password *****************
2024-03-16 15:44:22,018  INFO [main] nopCommerce:68 - ************* Logging In *****************
2024-03-16 15:44:24,862  INFO [main] nopCommerce:79 - ************* Display Invalid Login Message *****************
2024-03-16 15:44:25,104  INFO [main] nopCommerce:96 - ************* Closing Browser *****************
2024-03-16 15:45:33,572  INFO [main] nopCommerce:52 - ************* Launching Test-Site Url *****************
2024-03-16 15:45:38,355  INFO [main] nopCommerce:82 - ************* Validating Page Title *****************
2024-03-16 15:45:38,372  INFO [main] nopCommerce:60 - ************* Sending Email Id & Password *****************
2024-03-16 15:45:40,915  INFO [main] nopCommerce:68 - ************* Logging In *****************
2024-03-16 15:45:55,092  INFO [main] nopCommerce:82 - ************* Validating Page Title *****************
2024-03-16 15:45:55,351  INFO [main] nopCommerce:109 - ************* Navigated on Customer Page *****************
2024-03-16 15:46:03,070  INFO [main] nopCommerce:115 - ************* Navigated to Add New Customer Page *****************
2024-03-16 15:46:07,862  INFO [main] nopCommerce:82 - ************* Validating Page Title *****************
2024-03-16 15:46:09,903  INFO [main] nopCommerce:122 - ************* Filling New Customer Details *****************
2024-03-16 15:46:11,718  INFO [main] nopCommerce:137 - ************* Saving New Customer Details *****************
2024-03-16 15:46:17,078  INFO [main] nopCommerce:143 - ************* New Customer Created Successfully *****************
2024-03-16 15:46:17,356  INFO [main] nopCommerce:96 - ************* Closing Browser *****************
2024-03-16 15:46:21,896  INFO [main] nopCommerce:52 - ************* Launching Test-Site Url *****************
2024-03-16 15:46:26,142  INFO [main] nopCommerce:82 - ************* Validating Page Title *****************
2024-03-16 15:46:26,163  INFO [main] nopCommerce:60 - ************* Sending Email Id & Password *****************
2024-03-16 15:46:28,980  INFO [main] nopCommerce:68 - ************* Logging In *****************
2024-03-16 15:46:41,954  INFO [main] nopCommerce:82 - ************* Validating Page Title *****************
2024-03-16 15:46:42,159  INFO [main] nopCommerce:109 - ************* Navigated on Customer Page *****************
2024-03-16 15:46:48,369  INFO [main] nopCommerce:150 - ************* Searching customer via Email Id *****************
2024-03-16 15:46:49,489  INFO [main] nopCommerce:157 - ************* Clicked on Search Button *****************
2024-03-16 15:46:51,647  INFO [main] nopCommerce:163 - ************* Validating Search Customer through Email Id *****************
2024-03-16 15:46:51,933  INFO [main] nopCommerce:96 - ************* Closing Browser *****************
2024-03-16 15:46:55,902  INFO [main] nopCommerce:52 - ************* Launching Test-Site Url *****************
2024-03-16 15:46:59,998  INFO [main] nopCommerce:82 - ************* Validating Page Title *****************
2024-03-16 15:47:00,054  INFO [main] nopCommerce:60 - ************* Sending Email Id & Password *****************
2024-03-16 15:47:02,665  INFO [main] nopCommerce:68 - ************* Logging In *****************
2024-03-16 15:47:21,712  INFO [main] nopCommerce:82 - ************* Validating Page Title *****************
2024-03-16 15:47:21,928  INFO [main] nopCommerce:109 - ************* Navigated on Customer Page *****************
2024-03-16 15:47:26,608  INFO [main] nopCommerce:169 - ************* Searching customer via FirstName & LastName *****************
2024-03-16 15:47:27,963  INFO [main] nopCommerce:157 - ************* Clicked on Search Button *****************
2024-03-16 15:47:30,106  INFO [main] nopCommerce:176 - ************* Validating Search Customer through FirstName & LastName *****************
2024-03-16 15:47:30,363  INFO [main] nopCommerce:96 - ************* Closing Browser *****************
2024-03-16 15:47:34,319  INFO [main] nopCommerce:52 - ************* Launching Test-Site Url *****************
2024-03-16 15:47:38,709  INFO [main] nopCommerce:82 - ************* Validating Page Title *****************
2024-03-16 15:47:38,748  INFO [main] nopCommerce:60 - ************* Sending Email Id & Password *****************
2024-03-16 15:47:41,318  INFO [main] nopCommerce:68 - ************* Logging In *****************
2024-03-16 15:47:59,543  INFO [main] nopCommerce:82 - ************* Validating Page Title *****************
2024-03-16 15:47:59,629  INFO [main] nopCommerce:90 - ************* Logged Out Successfully *****************
2024-03-16 15:48:02,700  INFO [main] nopCommerce:82 - ************* Validating Page Title *****************
2024-03-16 15:48:02,711  INFO [main] nopCommerce:96 - ************* Closing Browser *****************
2024-03-16 15:48:06,983  INFO [main] nopCommerce:52 - ************* Launching Test-Site Url *****************
2024-03-16 15:48:10,293  INFO [main] nopCommerce:82 - ************* Validating Page Title *****************
2024-03-16 15:48:10,324  INFO [main] nopCommerce:60 - ************* Sending Email Id & Password *****************
2024-03-16 15:48:12,917  INFO [main] nopCommerce:68 - ************* Logging In *****************
2024-03-16 15:48:15,651  INFO [main] nopCommerce:79 - ************* Display Invalid Login Message *****************
2024-03-16 15:48:15,891  INFO [main] nopCommerce:96 - ************* Closing Browser *****************
2024-03-16 15:48:19,674  INFO [main] nopCommerce:52 - ************* Launching Test-Site Url *****************
2024-03-16 15:48:23,712  INFO [main] nopCommerce:82 - ************* Validating Page Title *****************
2024-03-16 15:48:23,733  INFO [main] nopCommerce:60 - ************* Sending Email Id & Password *****************
2024-03-16 15:48:26,445  INFO [main] nopCommerce:68 - ************* Logging In *****************
2024-03-16 15:48:29,194  INFO [main] nopCommerce:79 - ************* Display Invalid Login Message *****************
2024-03-16 15:48:29,492  INFO [main] nopCommerce:96 - ************* Closing Browser *****************
2024-03-16 15:50:25,124  INFO [main] nopCommerce:52 - ************* Launching Test-Site Url *****************
2024-03-16 15:50:29,498  INFO [main] nopCommerce:82 - ************* Validating Page Title *****************
2024-03-16 15:50:29,516  INFO [main] nopCommerce:60 - ************* Sending Email Id & Password *****************
2024-03-16 15:50:32,116  INFO [main] nopCommerce:68 - ************* Logging In *****************
2024-03-16 15:50:48,252  INFO [main] nopCommerce:82 - ************* Validating Page Title *****************
2024-03-16 15:50:48,612  INFO [main] nopCommerce:109 - ************* Navigated on Customer Page *****************
2024-03-16 15:50:53,463  INFO [main] nopCommerce:115 - ************* Navigated to Add New Customer Page *****************
2024-03-16 15:50:55,545  INFO [main] nopCommerce:82 - ************* Validating Page Title *****************
2024-03-16 15:50:57,574  INFO [main] nopCommerce:122 - ************* Filling New Customer Details *****************
2024-03-16 15:51:00,026  INFO [main] nopCommerce:137 - ************* Saving New Customer Details *****************
2024-03-16 15:51:01,489  INFO [main] nopCommerce:143 - ************* New Customer Created Successfully *****************
2024-03-16 15:51:02,688  INFO [main] nopCommerce:96 - ************* Closing Browser *****************
2024-03-16 15:51:06,913  INFO [main] nopCommerce:52 - ************* Launching Test-Site Url *****************
2024-03-16 15:51:11,475  INFO [main] nopCommerce:82 - ************* Validating Page Title *****************
2024-03-16 15:51:11,490  INFO [main] nopCommerce:60 - ************* Sending Email Id & Password *****************
2024-03-16 15:51:13,990  INFO [main] nopCommerce:68 - ************* Logging In *****************
2024-03-16 15:51:33,150  INFO [main] nopCommerce:82 - ************* Validating Page Title *****************
2024-03-16 15:51:33,413  INFO [main] nopCommerce:109 - ************* Navigated on Customer Page *****************
2024-03-16 15:51:37,266  INFO [main] nopCommerce:150 - ************* Searching customer via Email Id *****************
2024-03-16 15:51:38,649  INFO [main] nopCommerce:157 - ************* Clicked on Search Button *****************
2024-03-16 15:51:40,803  INFO [main] nopCommerce:163 - ************* Validating Search Customer through Email Id *****************
2024-03-16 15:51:41,140  INFO [main] nopCommerce:96 - ************* Closing Browser *****************
2024-03-16 15:51:45,157  INFO [main] nopCommerce:52 - ************* Launching Test-Site Url *****************
2024-03-16 15:51:49,449  INFO [main] nopCommerce:82 - ************* Validating Page Title *****************
2024-03-16 15:51:49,474  INFO [main] nopCommerce:60 - ************* Sending Email Id & Password *****************
2024-03-16 15:51:52,177  INFO [main] nopCommerce:68 - ************* Logging In *****************
2024-03-16 15:52:05,314  INFO [main] nopCommerce:82 - ************* Validating Page Title *****************
2024-03-16 15:52:05,619  INFO [main] nopCommerce:109 - ************* Navigated on Customer Page *****************
2024-03-16 15:52:09,111  INFO [main] nopCommerce:169 - ************* Searching customer via FirstName & LastName *****************
2024-03-16 15:52:10,876  INFO [main] nopCommerce:157 - ************* Clicked on Search Button *****************
2024-03-16 15:52:13,005  INFO [main] nopCommerce:176 - ************* Validating Search Customer through FirstName & LastName *****************
2024-03-16 15:52:13,240  INFO [main] nopCommerce:96 - ************* Closing Browser *****************
2024-03-16 15:52:17,444  INFO [main] nopCommerce:52 - ************* Launching Test-Site Url *****************
2024-03-16 15:52:21,676  INFO [main] nopCommerce:82 - ************* Validating Page Title *****************
2024-03-16 15:52:21,704  INFO [main] nopCommerce:60 - ************* Sending Email Id & Password *****************
2024-03-16 15:52:24,348  INFO [main] nopCommerce:68 - ************* Logging In *****************
2024-03-16 15:52:44,365  INFO [main] nopCommerce:82 - ************* Validating Page Title *****************
2024-03-16 15:52:44,380  INFO [main] nopCommerce:90 - ************* Logged Out Successfully *****************
2024-03-16 15:52:46,614  INFO [main] nopCommerce:82 - ************* Validating Page Title *****************
2024-03-16 15:52:46,623  INFO [main] nopCommerce:96 - ************* Closing Browser *****************
2024-03-16 15:52:51,911  INFO [main] nopCommerce:52 - ************* Launching Test-Site Url *****************
2024-03-16 15:52:56,265  INFO [main] nopCommerce:82 - ************* Validating Page Title *****************
2024-03-16 15:52:56,290  INFO [main] nopCommerce:60 - ************* Sending Email Id & Password *****************
2024-03-16 15:52:59,001  INFO [main] nopCommerce:68 - ************* Logging In *****************
2024-03-16 15:53:04,108  INFO [main] nopCommerce:79 - ************* Display Invalid Login Message *****************
2024-03-16 15:53:04,331  INFO [main] nopCommerce:96 - ************* Closing Browser *****************
2024-03-16 15:53:08,081  INFO [main] nopCommerce:52 - ************* Launching Test-Site Url *****************
2024-03-16 15:53:12,458  INFO [main] nopCommerce:82 - ************* Validating Page Title *****************
2024-03-16 15:53:12,482  INFO [main] nopCommerce:60 - ************* Sending Email Id & Password *****************
2024-03-16 15:53:15,187  INFO [main] nopCommerce:68 - ************* Logging In *****************
2024-03-16 15:53:20,476  INFO [main] nopCommerce:79 - ************* Display Invalid Login Message *****************
2024-03-16 15:53:20,689  INFO [main] nopCommerce:96 - ************* Closing Browser *****************
2024-03-17 16:31:55,041  INFO [main] nopCommerce:54 - ************* Launching Test-Site Url *****************
2024-03-17 16:32:07,942  INFO [main] nopCommerce:54 - ************* Launching Test-Site Url *****************
2024-03-17 16:32:12,200  INFO [main] nopCommerce:84 - ************* Validating Page Title *****************
2024-03-17 16:32:12,252  INFO [main] nopCommerce:62 - ************* Sending Email Id & Password *****************
2024-03-17 16:32:14,922  INFO [main] nopCommerce:70 - ************* Logging In *****************
2024-03-17 16:32:28,341  INFO [main] nopCommerce:84 - ************* Validating Page Title *****************
2024-03-17 16:32:28,363  INFO [main] nopCommerce:92 - ************* Logged Out Successfully *****************
2024-03-17 16:33:20,014  INFO [main] nopCommerce:54 - ************* Launching Test-Site Url *****************
2024-03-17 16:33:24,754  INFO [main] nopCommerce:84 - ************* Validating Page Title *****************
2024-03-17 16:33:24,770  INFO [main] nopCommerce:62 - ************* Sending Email Id & Password *****************
2024-03-17 16:33:27,337  INFO [main] nopCommerce:70 - ************* Logging In *****************
2024-03-17 16:33:41,560  INFO [main] nopCommerce:84 - ************* Validating Page Title *****************
2024-03-17 16:33:41,580  INFO [main] nopCommerce:92 - ************* Logged Out Successfully *****************
2024-03-17 16:34:50,561  INFO [main] nopCommerce:54 - ************* Launching Test-Site Url *****************
2024-03-17 16:34:54,503  INFO [main] nopCommerce:84 - ************* Validating Page Title *****************
2024-03-17 16:34:54,547  INFO [main] nopCommerce:62 - ************* Sending Email Id & Password *****************
2024-03-17 16:34:57,213  INFO [main] nopCommerce:70 - ************* Logging In *****************
2024-03-17 16:35:06,480  INFO [main] nopCommerce:84 - ************* Validating Page Title *****************
2024-03-17 16:35:06,503  INFO [main] nopCommerce:92 - ************* Logged Out Successfully *****************
2024-03-17 16:35:43,571  INFO [main] nopCommerce:54 - ************* Launching Test-Site Url *****************
2024-03-17 16:35:48,725  INFO [main] nopCommerce:84 - ************* Validating Page Title *****************
2024-03-17 16:35:48,766  INFO [main] nopCommerce:62 - ************* Sending Email Id & Password *****************
2024-03-17 16:35:51,341  INFO [main] nopCommerce:70 - ************* Logging In *****************
2024-03-17 16:35:56,263  INFO [main] nopCommerce:81 - ************* Display Invalid Login Message *****************
2024-03-17 16:35:56,514  INFO [main] nopCommerce:98 - ************* Closing Browser *****************
2024-03-17 16:36:03,348  INFO [main] nopCommerce:54 - ************* Launching Test-Site Url *****************
2024-03-17 16:36:07,243  INFO [main] nopCommerce:84 - ************* Validating Page Title *****************
2024-03-17 16:36:07,275  INFO [main] nopCommerce:62 - ************* Sending Email Id & Password *****************
2024-03-17 16:36:10,133  INFO [main] nopCommerce:70 - ************* Logging In *****************
2024-03-17 16:36:14,963  INFO [main] nopCommerce:81 - ************* Display Invalid Login Message *****************
2024-03-17 16:36:15,115  INFO [main] nopCommerce:98 - ************* Closing Browser *****************
2024-03-17 16:38:43,418  INFO [main] nopCommerce:54 - ************* Launching Test-Site Url *****************
2024-03-17 16:38:48,756  INFO [main] nopCommerce:84 - ************* Validating Page Title *****************
2024-03-17 16:38:52,014  INFO [main] nopCommerce:62 - ************* Sending Email Id & Password *****************
2024-03-17 16:38:54,518  INFO [main] nopCommerce:70 - ************* Logging In *****************
2024-03-17 16:38:59,905  INFO [main] nopCommerce:81 - ************* Display Invalid Login Message *****************
2024-03-17 16:39:05,040  INFO [main] nopCommerce:54 - ************* Launching Test-Site Url *****************
2024-03-17 16:41:40,034  INFO [main] nopCommerce:55 - ************* Launching Test-Site Url *****************
2024-03-17 16:41:44,555  INFO [main] nopCommerce:85 - ************* Validating Page Title *****************
2024-03-17 16:41:47,774  INFO [main] nopCommerce:63 - ************* Sending Email Id & Password *****************
2024-03-17 16:41:50,282  INFO [main] nopCommerce:71 - ************* Logging In *****************
2024-03-17 16:41:55,793  INFO [main] nopCommerce:82 - ************* Display Invalid Login Message *****************
2024-03-17 16:42:00,917  INFO [main] nopCommerce:55 - ************* Launching Test-Site Url *****************
2024-03-17 16:42:05,275  INFO [main] nopCommerce:85 - ************* Validating Page Title *****************
2024-03-17 16:42:08,484  INFO [main] nopCommerce:63 - ************* Sending Email Id & Password *****************
2024-03-17 16:42:10,963  INFO [main] nopCommerce:71 - ************* Logging In *****************
2024-03-17 16:42:16,238  INFO [main] nopCommerce:82 - ************* Display Invalid Login Message *****************
2024-03-17 16:45:17,061  INFO [main] nopCommerce:55 - ************* Launching Test-Site Url *****************
2024-03-17 16:45:21,264  INFO [main] nopCommerce:55 - ************* Launching Test-Site Url *****************
2024-03-17 16:45:22,921  INFO [main] nopCommerce:85 - ************* Validating Page Title *****************
2024-03-17 16:45:22,940  INFO [main] nopCommerce:63 - ************* Sending Email Id & Password *****************
2024-03-17 16:45:25,517  INFO [main] nopCommerce:85 - ************* Validating Page Title *****************
2024-03-17 16:45:25,535  INFO [main] nopCommerce:63 - ************* Sending Email Id & Password *****************
2024-03-17 16:45:25,741  INFO [main] nopCommerce:71 - ************* Logging In *****************
2024-03-17 16:45:28,287  INFO [main] nopCommerce:71 - ************* Logging In *****************
2024-03-17 16:45:30,446  INFO [main] nopCommerce:82 - ************* Display Invalid Login Message *****************
2024-03-17 16:45:30,638  INFO [main] nopCommerce:101 - ************* Closing Browser *****************
2024-03-17 16:45:34,577  INFO [main] nopCommerce:55 - ************* Launching Test-Site Url *****************
2024-03-17 16:45:34,693  INFO [main] nopCommerce:82 - ************* Display Invalid Login Message *****************
2024-03-17 16:45:35,457  INFO [main] nopCommerce:101 - ************* Closing Browser *****************
2024-03-17 16:45:39,314  INFO [main] nopCommerce:55 - ************* Launching Test-Site Url *****************
2024-03-17 16:45:39,391  INFO [main] nopCommerce:85 - ************* Validating Page Title *****************
2024-03-17 16:45:39,425  INFO [main] nopCommerce:63 - ************* Sending Email Id & Password *****************
2024-03-17 16:45:42,123  INFO [main] nopCommerce:71 - ************* Logging In *****************
2024-03-17 16:45:43,473  INFO [main] nopCommerce:85 - ************* Validating Page Title *****************
2024-03-17 16:45:43,501  INFO [main] nopCommerce:63 - ************* Sending Email Id & Password *****************
2024-03-17 16:45:46,247  INFO [main] nopCommerce:71 - ************* Logging In *****************
2024-03-17 16:45:47,298  INFO [main] nopCommerce:82 - ************* Display Invalid Login Message *****************
2024-03-17 16:45:47,492  INFO [main] nopCommerce:101 - ************* Closing Browser *****************
2024-03-17 16:45:51,125  INFO [main] nopCommerce:82 - ************* Display Invalid Login Message *****************
2024-03-17 16:45:51,289  INFO [main] nopCommerce:101 - ************* Closing Browser *****************
2024-03-17 16:48:11,763  INFO [main] nopCommerce:54 - ************* Launching Test-Site Url *****************
2024-03-17 16:48:16,573  INFO [main] nopCommerce:84 - ************* Validating Page Title *****************
2024-03-17 16:48:19,920  INFO [main] nopCommerce:62 - ************* Sending Email Id & Password *****************
2024-03-17 16:48:22,452  INFO [main] nopCommerce:70 - ************* Logging In *****************
2024-03-17 16:48:27,929  INFO [main] nopCommerce:81 - ************* Display Invalid Login Message *****************
2024-03-17 16:48:32,888  INFO [main] nopCommerce:54 - ************* Launching Test-Site Url *****************
2024-03-17 16:48:37,161  INFO [main] nopCommerce:84 - ************* Validating Page Title *****************
2024-03-17 16:48:40,370  INFO [main] nopCommerce:62 - ************* Sending Email Id & Password *****************
2024-03-17 16:48:42,793  INFO [main] nopCommerce:70 - ************* Logging In *****************
2024-03-17 16:48:48,220  INFO [main] nopCommerce:81 - ************* Display Invalid Login Message *****************
2024-03-17 16:49:47,151  INFO [main] nopCommerce:54 - ************* Launching Test-Site Url *****************
2024-03-17 16:49:52,497  INFO [main] nopCommerce:84 - ************* Validating Page Title *****************
2024-03-17 16:49:55,674  INFO [main] nopCommerce:62 - ************* Sending Email Id & Password *****************
2024-03-17 16:49:58,395  INFO [main] nopCommerce:70 - ************* Logging In *****************
2024-03-17 16:50:03,514  INFO [main] nopCommerce:81 - ************* Display Invalid Login Message *****************
2024-03-17 16:50:08,830  INFO [main] nopCommerce:54 - ************* Launching Test-Site Url *****************
2024-03-17 16:50:12,820  INFO [main] nopCommerce:84 - ************* Validating Page Title *****************
2024-03-17 16:50:16,035  INFO [main] nopCommerce:62 - ************* Sending Email Id & Password *****************
2024-03-17 16:50:18,596  INFO [main] nopCommerce:70 - ************* Logging In *****************
2024-03-17 16:50:23,762  INFO [main] nopCommerce:81 - ************* Display Invalid Login Message *****************
2024-03-17 16:54:25,454  INFO [main] nopCommerce:54 - ************* Launching Test-Site Url *****************
2024-03-17 16:54:29,821  INFO [main] nopCommerce:84 - ************* Validating Page Title *****************
2024-03-17 16:54:29,843  INFO [main] nopCommerce:62 - ************* Sending Email Id & Password *****************
2024-03-17 16:54:32,439  INFO [main] nopCommerce:70 - ************* Logging In *****************
2024-03-17 16:54:37,323  INFO [main] nopCommerce:81 - ************* Display Invalid Login Message *****************
2024-03-17 16:54:37,530  INFO [main] nopCommerce:99 - ************* Closing Browser *****************
2024-03-17 16:54:41,377  INFO [main] nopCommerce:54 - ************* Launching Test-Site Url *****************
2024-03-17 16:54:45,514  INFO [main] nopCommerce:84 - ************* Validating Page Title *****************
2024-03-17 16:54:45,531  INFO [main] nopCommerce:62 - ************* Sending Email Id & Password *****************
2024-03-17 16:54:48,098  INFO [main] nopCommerce:70 - ************* Logging In *****************
2024-03-17 16:54:52,779  INFO [main] nopCommerce:81 - ************* Display Invalid Login Message *****************
2024-03-17 16:54:53,001  INFO [main] nopCommerce:99 - ************* Closing Browser *****************
2024-03-17 16:55:54,143  INFO [main] nopCommerce:54 - ************* Launching Test-Site Url *****************
2024-03-17 16:55:58,332  INFO [main] nopCommerce:84 - ************* Validating Page Title *****************
2024-03-17 16:55:58,351  INFO [main] nopCommerce:62 - ************* Sending Email Id & Password *****************
2024-03-17 16:56:00,880  INFO [main] nopCommerce:70 - ************* Logging In *****************
2024-03-17 16:56:05,761  INFO [main] nopCommerce:81 - ************* Display Invalid Login Message *****************
2024-03-17 16:56:05,990  INFO [main] nopCommerce:99 - ************* Closing Browser *****************
2024-03-17 16:56:09,934  INFO [main] nopCommerce:54 - ************* Launching Test-Site Url *****************
2024-03-17 16:56:13,802  INFO [main] nopCommerce:84 - ************* Validating Page Title *****************
2024-03-17 16:56:13,843  INFO [main] nopCommerce:62 - ************* Sending Email Id & Password *****************
2024-03-17 16:56:16,601  INFO [main] nopCommerce:70 - ************* Logging In *****************
2024-03-17 16:56:21,451  INFO [main] nopCommerce:81 - ************* Display Invalid Login Message *****************
2024-03-17 16:56:21,666  INFO [main] nopCommerce:99 - ************* Closing Browser *****************
2024-03-17 16:58:10,931  INFO [main] nopCommerce:54 - ************* Launching Test-Site Url *****************
2024-03-17 16:58:15,138  INFO [main] nopCommerce:85 - ************* Validating Page Title *****************
2024-03-17 16:58:15,178  INFO [main] nopCommerce:62 - ************* Sending Email Id & Password *****************
2024-03-17 16:58:17,830  INFO [main] nopCommerce:70 - ************* Logging In *****************
2024-03-17 16:58:22,617  INFO [main] nopCommerce:82 - ************* Display Invalid Login Message *****************
2024-03-17 16:58:22,827  INFO [main] nopCommerce:100 - ************* Closing Browser *****************
2024-03-17 16:58:26,638  INFO [main] nopCommerce:54 - ************* Launching Test-Site Url *****************
2024-03-17 16:58:30,951  INFO [main] nopCommerce:85 - ************* Validating Page Title *****************
2024-03-17 16:58:30,966  INFO [main] nopCommerce:62 - ************* Sending Email Id & Password *****************
2024-03-17 16:58:33,550  INFO [main] nopCommerce:70 - ************* Logging In *****************
2024-03-17 16:58:38,478  INFO [main] nopCommerce:82 - ************* Display Invalid Login Message *****************
2024-03-17 16:58:38,694  INFO [main] nopCommerce:100 - ************* Closing Browser *****************
2024-03-17 17:05:12,825  INFO [main] nopCommerce:54 - ************* Launching Test-Site Url *****************
2024-03-17 17:05:17,381  INFO [main] nopCommerce:85 - ************* Validating Page Title *****************
2024-03-17 17:05:17,412  INFO [main] nopCommerce:62 - ************* Sending Email Id & Password *****************
2024-03-17 17:05:20,215  INFO [main] nopCommerce:70 - ************* Logging In *****************
2024-03-17 17:05:25,099  INFO [main] nopCommerce:82 - ************* Display Invalid Login Message *****************
2024-03-17 17:05:25,542  INFO [main] nopCommerce:100 - ************* Closing Browser *****************
2024-03-17 17:05:30,283  INFO [main] nopCommerce:54 - ************* Launching Test-Site Url *****************
2024-03-17 17:05:35,087  INFO [main] nopCommerce:85 - ************* Validating Page Title *****************
2024-03-17 17:05:35,109  INFO [main] nopCommerce:62 - ************* Sending Email Id & Password *****************
2024-03-17 17:05:37,748  INFO [main] nopCommerce:70 - ************* Logging In *****************
2024-03-17 17:05:42,708  INFO [main] nopCommerce:82 - ************* Display Invalid Login Message *****************
2024-03-17 17:05:43,264  INFO [main] nopCommerce:100 - ************* Closing Browser *****************
2024-03-17 17:19:14,820  INFO [main] nopCommerce:54 - ************* Launching Test-Site Url *****************
2024-03-17 17:19:19,936  INFO [main] nopCommerce:85 - ************* Validating Page Title *****************
2024-03-17 17:19:19,968  INFO [main] nopCommerce:62 - ************* Sending Email Id & Password *****************
2024-03-17 17:19:22,524  INFO [main] nopCommerce:70 - ************* Logging In *****************
2024-03-17 17:19:27,396  INFO [main] nopCommerce:82 - ************* Display Invalid Login Message *****************
2024-03-17 17:19:27,679  INFO [main] nopCommerce:100 - ************* Closing Browser *****************
2024-03-17 17:19:31,515  INFO [main] nopCommerce:54 - ************* Launching Test-Site Url *****************
2024-03-17 17:19:34,698  INFO [main] nopCommerce:85 - ************* Validating Page Title *****************
2024-03-17 17:19:34,719  INFO [main] nopCommerce:62 - ************* Sending Email Id & Password *****************
2024-03-17 17:19:37,216  INFO [main] nopCommerce:70 - ************* Logging In *****************
2024-03-17 17:19:42,009  INFO [main] nopCommerce:82 - ************* Display Invalid Login Message *****************
2024-03-17 17:19:42,229  INFO [main] nopCommerce:100 - ************* Closing Browser *****************
2024-03-17 17:21:40,041  INFO [main] nopCommerce:54 - ************* Launching Test-Site Url *****************
2024-03-17 17:21:44,486  INFO [main] nopCommerce:85 - ************* Validating Page Title *****************
2024-03-17 17:21:44,501  INFO [main] nopCommerce:62 - ************* Sending Email Id & Password *****************
2024-03-17 17:21:46,990  INFO [main] nopCommerce:70 - ************* Logging In *****************
2024-03-17 17:21:56,736  INFO [main] nopCommerce:85 - ************* Validating Page Title *****************
2024-03-17 17:21:56,751  INFO [main] nopCommerce:92 - ************* Logged Out Successfully *****************
2024-03-17 17:22:15,820  INFO [main] nopCommerce:54 - ************* Launching Test-Site Url *****************
2024-03-17 17:22:20,334  INFO [main] nopCommerce:85 - ************* Validating Page Title *****************
2024-03-17 17:22:20,372  INFO [main] nopCommerce:62 - ************* Sending Email Id & Password *****************
2024-03-17 17:22:22,919  INFO [main] nopCommerce:70 - ************* Logging In *****************
2024-03-17 17:22:32,915  INFO [main] nopCommerce:85 - ************* Validating Page Title *****************
2024-03-17 17:22:32,929  INFO [main] nopCommerce:92 - ************* Logged Out Successfully *****************
2024-03-17 17:22:40,865  INFO [main] nopCommerce:85 - ************* Validating Page Title *****************
2024-03-17 17:22:40,882  INFO [main] nopCommerce:100 - ************* Closing Browser *****************
2024-03-17 17:26:08,215  INFO [main] nopCommerce:54 - ************* Launching Test-Site Url *****************
2024-03-17 17:26:13,175  INFO [main] nopCommerce:85 - ************* Validating Page Title *****************
2024-03-17 17:26:13,202  INFO [main] nopCommerce:62 - ************* Sending Email Id & Password *****************
2024-03-17 17:26:15,721  INFO [main] nopCommerce:70 - ************* Logging In *****************
2024-03-17 17:26:25,202  INFO [main] nopCommerce:85 - ************* Validating Page Title *****************
2024-03-17 17:26:25,498  INFO [main] nopCommerce:113 - ************* Navigated on Customer Page *****************
2024-03-17 17:26:29,482  INFO [main] nopCommerce:119 - ************* Navigated to Add New Customer Page *****************
2024-03-17 17:26:32,217  INFO [main] nopCommerce:85 - ************* Validating Page Title *****************
2024-03-17 17:26:34,232  INFO [main] nopCommerce:126 - ************* Filling New Customer Details *****************
2024-03-17 17:26:36,848  INFO [main] nopCommerce:141 - ************* Saving New Customer Details *****************
2024-03-17 17:26:43,543  INFO [main] nopCommerce:149 - ************* New Customer Created Successfully *****************
2024-03-17 17:26:43,781  INFO [main] nopCommerce:100 - ************* Closing Browser *****************
2024-03-17 17:27:42,662  INFO [main] nopCommerce:54 - ************* Launching Test-Site Url *****************
2024-03-17 17:27:48,581  INFO [main] nopCommerce:85 - ************* Validating Page Title *****************
2024-03-17 17:27:48,601  INFO [main] nopCommerce:62 - ************* Sending Email Id & Password *****************
2024-03-17 17:27:51,273  INFO [main] nopCommerce:70 - ************* Logging In *****************
2024-03-17 17:28:09,406  INFO [main] nopCommerce:85 - ************* Validating Page Title *****************
2024-03-17 17:28:09,699  INFO [main] nopCommerce:113 - ************* Navigated on Customer Page *****************
2024-03-17 17:28:12,936  INFO [main] nopCommerce:156 - ************* Searching customer via Email Id *****************
2024-03-17 17:28:13,965  INFO [main] nopCommerce:163 - ************* Clicked on Search Button *****************
2024-03-17 17:28:16,098  INFO [main] nopCommerce:169 - ************* Validating Search Customer through Email Id *****************
2024-03-17 17:28:21,474  INFO [main] nopCommerce:100 - ************* Closing Browser *****************
2024-03-17 17:29:07,953  INFO [main] nopCommerce:54 - ************* Launching Test-Site Url *****************
2024-03-17 17:29:12,262  INFO [main] nopCommerce:85 - ************* Validating Page Title *****************
2024-03-17 17:29:12,285  INFO [main] nopCommerce:62 - ************* Sending Email Id & Password *****************
2024-03-17 17:29:14,820  INFO [main] nopCommerce:70 - ************* Logging In *****************
2024-03-17 17:29:26,537  INFO [main] nopCommerce:85 - ************* Validating Page Title *****************
2024-03-17 17:29:26,829  INFO [main] nopCommerce:113 - ************* Navigated on Customer Page *****************
2024-03-17 17:29:30,824  INFO [main] nopCommerce:177 - ************* Searching customer via FirstName & LastName *****************
2024-03-17 17:29:32,095  INFO [main] nopCommerce:163 - ************* Clicked on Search Button *****************
2024-03-17 17:29:34,220  INFO [main] nopCommerce:184 - ************* Validating Search Customer through FirstName & LastName *****************
2024-03-17 17:29:39,623  INFO [main] nopCommerce:100 - ************* Closing Browser *****************
2024-03-17 17:31:04,990  INFO [main] nopCommerce:54 - ************* Launching Test-Site Url *****************
2024-03-17 17:31:09,018  INFO [main] nopCommerce:85 - ************* Validating Page Title *****************
2024-03-17 17:31:09,037  INFO [main] nopCommerce:62 - ************* Sending Email Id & Password *****************
2024-03-17 17:31:11,565  INFO [main] nopCommerce:70 - ************* Logging In *****************
2024-03-17 17:31:18,128  INFO [main] nopCommerce:85 - ************* Validating Page Title *****************
2024-03-17 17:31:18,393  INFO [main] nopCommerce:113 - ************* Navigated on Customer Page *****************
2024-03-17 17:31:20,681  INFO [main] nopCommerce:119 - ************* Navigated to Add New Customer Page *****************
2024-03-17 17:31:22,750  INFO [main] nopCommerce:85 - ************* Validating Page Title *****************
2024-03-17 17:31:24,766  INFO [main] nopCommerce:126 - ************* Filling New Customer Details *****************
2024-03-17 17:31:26,854  INFO [main] nopCommerce:141 - ************* Saving New Customer Details *****************
2024-03-17 17:31:33,223  INFO [main] nopCommerce:149 - ************* New Customer Created Successfully *****************
2024-03-17 17:31:33,686  INFO [main] nopCommerce:100 - ************* Closing Browser *****************
2024-03-17 17:31:37,824  INFO [main] nopCommerce:54 - ************* Launching Test-Site Url *****************
2024-03-17 17:31:41,659  INFO [main] nopCommerce:85 - ************* Validating Page Title *****************
2024-03-17 17:31:41,671  INFO [main] nopCommerce:62 - ************* Sending Email Id & Password *****************
2024-03-17 17:31:44,253  INFO [main] nopCommerce:70 - ************* Logging In *****************
2024-03-17 17:31:55,109  INFO [main] nopCommerce:85 - ************* Validating Page Title *****************
2024-03-17 17:31:55,308  INFO [main] nopCommerce:113 - ************* Navigated on Customer Page *****************
2024-03-17 17:31:59,339  INFO [main] nopCommerce:156 - ************* Searching customer via Email Id *****************
2024-03-17 17:32:00,399  INFO [main] nopCommerce:163 - ************* Clicked on Search Button *****************
2024-03-17 17:32:02,546  INFO [main] nopCommerce:169 - ************* Validating Search Customer through Email Id *****************
2024-03-17 17:32:07,909  INFO [main] nopCommerce:100 - ************* Closing Browser *****************
2024-03-17 17:32:11,942  INFO [main] nopCommerce:54 - ************* Launching Test-Site Url *****************
2024-03-17 17:32:16,213  INFO [main] nopCommerce:85 - ************* Validating Page Title *****************
2024-03-17 17:32:16,225  INFO [main] nopCommerce:62 - ************* Sending Email Id & Password *****************
2024-03-17 17:32:18,732  INFO [main] nopCommerce:70 - ************* Logging In *****************
2024-03-17 17:32:26,707  INFO [main] nopCommerce:85 - ************* Validating Page Title *****************
2024-03-17 17:32:26,936  INFO [main] nopCommerce:113 - ************* Navigated on Customer Page *****************
2024-03-17 17:32:29,472  INFO [main] nopCommerce:177 - ************* Searching customer via FirstName & LastName *****************
2024-03-17 17:32:30,733  INFO [main] nopCommerce:163 - ************* Clicked on Search Button *****************
2024-03-17 17:32:32,846  INFO [main] nopCommerce:184 - ************* Validating Search Customer through FirstName & LastName *****************
2024-03-17 17:32:38,196  INFO [main] nopCommerce:100 - ************* Closing Browser *****************
2024-03-17 17:32:42,343  INFO [main] nopCommerce:54 - ************* Launching Test-Site Url *****************
2024-03-17 17:32:46,004  INFO [main] nopCommerce:85 - ************* Validating Page Title *****************
2024-03-17 17:32:46,017  INFO [main] nopCommerce:62 - ************* Sending Email Id & Password *****************
2024-03-17 17:32:48,597  INFO [main] nopCommerce:70 - ************* Logging In *****************
2024-03-17 17:32:55,661  INFO [main] nopCommerce:85 - ************* Validating Page Title *****************
2024-03-17 17:32:55,671  INFO [main] nopCommerce:92 - ************* Logged Out Successfully *****************
2024-03-17 17:33:03,146  INFO [main] nopCommerce:85 - ************* Validating Page Title *****************
2024-03-17 17:33:03,171  INFO [main] nopCommerce:100 - ************* Closing Browser *****************
2024-03-17 17:33:07,195  INFO [main] nopCommerce:54 - ************* Launching Test-Site Url *****************
2024-03-17 17:33:10,988  INFO [main] nopCommerce:85 - ************* Validating Page Title *****************
2024-03-17 17:33:11,014  INFO [main] nopCommerce:62 - ************* Sending Email Id & Password *****************
2024-03-17 17:33:13,472  INFO [main] nopCommerce:70 - ************* Logging In *****************
2024-03-17 17:33:18,229  INFO [main] nopCommerce:82 - ************* Display Invalid Login Message *****************
2024-03-17 17:33:18,446  INFO [main] nopCommerce:100 - ************* Closing Browser *****************
2024-03-17 17:33:22,190  INFO [main] nopCommerce:54 - ************* Launching Test-Site Url *****************
2024-03-17 17:33:27,589  INFO [main] nopCommerce:85 - ************* Validating Page Title *****************
2024-03-17 17:33:27,601  INFO [main] nopCommerce:62 - ************* Sending Email Id & Password *****************
2024-03-17 17:33:30,089  INFO [main] nopCommerce:70 - ************* Logging In *****************
2024-03-17 17:33:35,074  INFO [main] nopCommerce:82 - ************* Display Invalid Login Message *****************
2024-03-17 17:33:35,395  INFO [main] nopCommerce:100 - ************* Closing Browser *****************
